c:\users\twong50\source\repos\group_54_lab_1\group_54_lab_1\x64\debug\vc142.pdb
c:\users\twong50\source\repos\group_54_lab_1\group_54_lab_1\x64\debug\vc142.idb
c:\users\twong50\source\repos\group_54_lab_1\group_54_lab_1\x64\debug\lodepng_test.obj
x64\debug\kernel.cu.obj
x64\debug\lodepng.cu.obj
c:\users\twong50\source\repos\group_54_lab_1\group_54_lab_1\x64\debug\kernel.cu.cache
c:\users\twong50\source\repos\group_54_lab_1\group_54_lab_1\x64\debug\lodepng.cu.cache
c:\users\twong50\source\repos\group_54_lab_1\group_54_lab_1\x64\debug\kernel.cu.obj
c:\users\twong50\source\repos\group_54_lab_1\group_54_lab_1\x64\debug\lodepng.cu.obj
c:\users\twong50\source\repos\group_54_lab_1\x64\debug\group_54_lab_1.pdb
c:\users\twong50\source\repos\group_54_lab_1\group_54_lab_1\x64\debug\group_54_lab_1.tlog\cl.command.1.tlog
c:\users\twong50\source\repos\group_54_lab_1\group_54_lab_1\x64\debug\group_54_lab_1.tlog\cl.read.1.tlog
c:\users\twong50\source\repos\group_54_lab_1\group_54_lab_1\x64\debug\group_54_lab_1.tlog\cl.write.1.tlog
c:\users\twong50\source\repos\group_54_lab_1\group_54_lab_1\x64\debug\group_54_lab_1.tlog\cudacompile.read.1u.tlog
c:\users\twong50\source\repos\group_54_lab_1\group_54_lab_1\x64\debug\group_54_lab_1.tlog\cudacompile.write.1u.tlog
c:\users\twong50\source\repos\group_54_lab_1\group_54_lab_1\x64\debug\group_54_lab_1.tlog\link-cvtres.read.1.tlog
c:\users\twong50\source\repos\group_54_lab_1\group_54_lab_1\x64\debug\group_54_lab_1.tlog\link-cvtres.write.1.tlog
c:\users\twong50\source\repos\group_54_lab_1\group_54_lab_1\x64\debug\group_54_lab_1.tlog\link-rc.read.1.tlog
c:\users\twong50\source\repos\group_54_lab_1\group_54_lab_1\x64\debug\group_54_lab_1.tlog\link-rc.write.1.tlog
c:\users\twong50\source\repos\group_54_lab_1\group_54_lab_1\x64\debug\group_54_lab_1.tlog\link.command.1.tlog
c:\users\twong50\source\repos\group_54_lab_1\group_54_lab_1\x64\debug\group_54_lab_1.tlog\link.read.1.tlog
c:\users\twong50\source\repos\group_54_lab_1\group_54_lab_1\x64\debug\group_54_lab_1.tlog\link.write.1.tlog
