c:\users\mastermind\source\repos\rectify\rectify\x64\debug\vc142.pdb
c:\users\mastermind\source\repos\rectify\rectify\x64\debug\vc142.idb
c:\users\mastermind\source\repos\rectify\rectify\x64\debug\lodepng.obj
c:\users\mastermind\source\repos\rectify\x64\debug\rectify.exe
c:\users\mastermind\source\repos\rectify\x64\debug\rectify.ilk
c:\users\mastermind\source\repos\rectify\x64\debug\rectify.pdb
c:\users\mastermind\source\repos\rectify\x64\debug\rectify.lib
c:\users\mastermind\source\repos\rectify\x64\debug\rectify.exp
c:\users\mastermind\source\repos\rectify\rectify\x64\debug\kernel.cu.cache
c:\users\mastermind\source\repos\rectify\rectify\x64\debug\lodepng.cu.cache
c:\users\mastermind\source\repos\rectify\rectify\x64\debug\kernel.cu.obj
c:\users\mastermind\source\repos\rectify\rectify\x64\debug\lodepng.cu.obj
c:\users\mastermind\source\repos\rectify\rectify\x64\debug\rectify.tlog\cl.command.1.tlog
c:\users\mastermind\source\repos\rectify\rectify\x64\debug\rectify.tlog\cl.read.1.tlog
c:\users\mastermind\source\repos\rectify\rectify\x64\debug\rectify.tlog\cl.write.1.tlog
c:\users\mastermind\source\repos\rectify\rectify\x64\debug\rectify.tlog\cudacompile.read.1u.tlog
c:\users\mastermind\source\repos\rectify\rectify\x64\debug\rectify.tlog\cudacompile.write.1u.tlog
c:\users\mastermind\source\repos\rectify\rectify\x64\debug\rectify.tlog\link.command.1.tlog
c:\users\mastermind\source\repos\rectify\rectify\x64\debug\rectify.tlog\link.read.1.tlog
c:\users\mastermind\source\repos\rectify\rectify\x64\debug\rectify.tlog\link.write.1.tlog
c:\users\mastermind\source\repos\rectify\rectify\x64\debug\rectify.tlog\rectify.write.1u.tlog
